[INFO] 2025-11-15 13:40:31,395 django.utils.autoreload autoreload 21748 19080 - Watching for file changes with StatReloader
[INFO] 2025-11-15 13:41:14,248 api views 21748 35480 - Acceso a la página de inicio de la API
[INFO] 2025-11-15 13:41:14,250 django.server basehttp 21748 35480 - "GET /api/ HTTP/1.1" 200 661
[WARNING] 2025-11-15 13:41:14,310 django.request log 21748 35480 - Not Found: /favicon.ico
[WARNING] 2025-11-15 13:41:14,310 django.server basehttp 21748 35480 - "GET /favicon.ico HTTP/1.1" 404 179
[INFO] 2025-11-15 13:41:26,880 django.server basehttp 21748 35480 - "GET /admin/ HTTP/1.1" 302 0
[INFO] 2025-11-15 13:41:27,128 django.server basehttp 21748 35480 - "GET /admin/login/?next=/admin/ HTTP/1.1" 200 4215
[WARNING] 2025-11-15 13:41:27,167 django.request log 21748 35480 - Not Found: /static/admin/css/base.css
[WARNING] 2025-11-15 13:41:27,167 django.server basehttp 21748 35480 - "GET /static/admin/css/base.css HTTP/1.1" 404 179
[WARNING] 2025-11-15 13:41:27,179 django.request log 21748 35480 - Not Found: /static/admin/css/dark_mode.css
[WARNING] 2025-11-15 13:41:27,181 django.request log 21748 35772 - Not Found: /static/admin/css/nav_sidebar.css
[WARNING] 2025-11-15 13:41:27,182 django.request log 21748 29492 - Not Found: /static/admin/css/login.css
[WARNING] 2025-11-15 13:41:27,183 django.server basehttp 21748 35480 - "GET /static/admin/css/dark_mode.css HTTP/1.1" 404 179
[WARNING] 2025-11-15 13:41:27,183 django.server basehttp 21748 35772 - "GET /static/admin/css/nav_sidebar.css HTTP/1.1" 404 179
[WARNING] 2025-11-15 13:41:27,184 django.request log 21748 27412 - Not Found: /static/admin/css/responsive.css
[WARNING] 2025-11-15 13:41:27,185 django.server basehttp 21748 29492 - "GET /static/admin/css/login.css HTTP/1.1" 404 179
[WARNING] 2025-11-15 13:41:27,186 django.request log 21748 13952 - Not Found: /static/admin/js/theme.js
[WARNING] 2025-11-15 13:41:27,187 django.server basehttp 21748 27412 - "GET /static/admin/css/responsive.css HTTP/1.1" 404 179
[WARNING] 2025-11-15 13:41:27,187 django.server basehttp 21748 13952 - "GET /static/admin/js/theme.js HTTP/1.1" 404 179
[WARNING] 2025-11-15 13:41:27,188 django.request log 21748 29068 - Not Found: /static/admin/js/nav_sidebar.js
[WARNING] 2025-11-15 13:41:27,188 django.server basehttp 21748 29068 - "GET /static/admin/js/nav_sidebar.js HTTP/1.1" 404 179
[INFO] 2025-11-15 13:41:37,415 django.server basehttp 21748 29068 - "POST /admin/login/?next=/admin/ HTTP/1.1" 302 0
[INFO] 2025-11-15 13:41:37,468 django.server basehttp 21748 29068 - "GET /admin/ HTTP/1.1" 200 6690
[WARNING] 2025-11-15 13:41:37,507 django.request log 21748 29068 - Not Found: /static/admin/css/base.css
[WARNING] 2025-11-15 13:41:37,508 django.request log 21748 13952 - Not Found: /static/admin/css/dashboard.css
[WARNING] 2025-11-15 13:41:37,509 django.request log 21748 29492 - Not Found: /static/admin/css/nav_sidebar.css
[WARNING] 2025-11-15 13:41:37,510 django.request log 21748 35772 - Not Found: /static/admin/css/responsive.css
[WARNING] 2025-11-15 13:41:37,511 django.request log 21748 35480 - Not Found: /static/admin/js/theme.js
[WARNING] 2025-11-15 13:41:37,511 django.request log 21748 27412 - Not Found: /static/admin/css/dark_mode.css
[WARNING] 2025-11-15 13:41:37,512 django.server basehttp 21748 29068 - "GET /static/admin/css/base.css HTTP/1.1" 404 179
[WARNING] 2025-11-15 13:41:37,512 django.server basehttp 21748 13952 - "GET /static/admin/css/dashboard.css HTTP/1.1" 404 179
[WARNING] 2025-11-15 13:41:37,512 django.server basehttp 21748 29492 - "GET /static/admin/css/nav_sidebar.css HTTP/1.1" 404 179
[WARNING] 2025-11-15 13:41:37,512 django.server basehttp 21748 35772 - "GET /static/admin/css/responsive.css HTTP/1.1" 404 179
[WARNING] 2025-11-15 13:41:37,513 django.server basehttp 21748 35480 - "GET /static/admin/js/theme.js HTTP/1.1" 404 179
[WARNING] 2025-11-15 13:41:37,514 django.server basehttp 21748 27412 - "GET /static/admin/css/dark_mode.css HTTP/1.1" 404 179
[WARNING] 2025-11-15 13:41:37,518 django.request log 21748 35480 - Not Found: /static/admin/js/nav_sidebar.js
[WARNING] 2025-11-15 13:41:37,518 django.server basehttp 21748 35480 - "GET /static/admin/js/nav_sidebar.js HTTP/1.1" 404 179
[INFO] 2025-11-15 13:41:43,477 django.server basehttp 21748 35480 - "GET /admin/api/producto/ HTTP/1.1" 200 27222
[WARNING] 2025-11-15 13:41:43,500 django.request log 21748 35480 - Not Found: /static/admin/css/base.css
[WARNING] 2025-11-15 13:41:43,501 django.server basehttp 21748 35480 - "GET /static/admin/css/base.css HTTP/1.1" 404 179
[WARNING] 2025-11-15 13:41:43,511 django.request log 21748 35480 - Not Found: /static/admin/css/changelists.css
[WARNING] 2025-11-15 13:41:43,512 django.request log 21748 27412 - Not Found: /static/admin/css/forms.css
[WARNING] 2025-11-15 13:41:43,513 django.request log 21748 29492 - Not Found: /static/admin/css/nav_sidebar.css
[WARNING] 2025-11-15 13:41:43,515 django.request log 21748 29068 - Not Found: /static/admin/js/vendor/jquery/jquery.min.js
[WARNING] 2025-11-15 13:41:43,518 django.request log 21748 35772 - Not Found: /static/admin/css/dark_mode.css
[WARNING] 2025-11-15 13:41:43,520 django.server basehttp 21748 35480 - "GET /static/admin/css/changelists.css HTTP/1.1" 404 179
[WARNING] 2025-11-15 13:41:43,520 django.server basehttp 21748 27412 - "GET /static/admin/css/forms.css HTTP/1.1" 404 179
[WARNING] 2025-11-15 13:41:43,520 django.server basehttp 21748 29492 - "GET /static/admin/css/nav_sidebar.css HTTP/1.1" 404 179
[WARNING] 2025-11-15 13:41:43,521 django.server basehttp 21748 29068 - "GET /static/admin/js/vendor/jquery/jquery.min.js HTTP/1.1" 404 179
[WARNING] 2025-11-15 13:41:43,521 django.server basehttp 21748 35772 - "GET /static/admin/css/dark_mode.css HTTP/1.1" 404 179
[WARNING] 2025-11-15 13:41:43,523 django.request log 21748 27412 - Not Found: /static/admin/css/responsive.css
[WARNING] 2025-11-15 13:41:43,524 django.request log 21748 35480 - Not Found: /static/admin/js/jquery.init.js
[WARNING] 2025-11-15 13:41:43,525 django.request log 21748 29492 - Not Found: /static/admin/js/core.js
[WARNING] 2025-11-15 13:41:43,525 django.request log 21748 29068 - Not Found: /static/admin/js/admin/RelatedObjectLookups.js
[WARNING] 2025-11-15 13:41:43,527 django.request log 21748 35772 - Not Found: /static/admin/js/actions.js
[WARNING] 2025-11-15 13:41:43,527 django.server basehttp 21748 27412 - "GET /static/admin/css/responsive.css HTTP/1.1" 404 179
[WARNING] 2025-11-15 13:41:43,528 django.server basehttp 21748 29068 - "GET /static/admin/js/admin/RelatedObjectLookups.js HTTP/1.1" 404 179
[WARNING] 2025-11-15 13:41:43,528 django.server basehttp 21748 35480 - "GET /static/admin/js/jquery.init.js HTTP/1.1" 404 179
[WARNING] 2025-11-15 13:41:43,529 django.server basehttp 21748 29492 - "GET /static/admin/js/core.js HTTP/1.1" 404 179
[WARNING] 2025-11-15 13:41:43,536 django.request log 21748 27412 - Not Found: /static/admin/js/urlify.js
[WARNING] 2025-11-15 13:41:43,536 django.server basehttp 21748 35772 - "GET /static/admin/js/actions.js HTTP/1.1" 404 179
[WARNING] 2025-11-15 13:41:43,537 django.request log 21748 29068 - Not Found: /static/admin/js/prepopulate.js
[WARNING] 2025-11-15 13:41:43,538 django.request log 21748 29492 - Not Found: /static/admin/js/vendor/xregexp/xregexp.min.js
[WARNING] 2025-11-15 13:41:43,539 django.request log 21748 35772 - Not Found: /static/admin/img/search.svg
[WARNING] 2025-11-15 13:41:43,539 django.server basehttp 21748 27412 - "GET /static/admin/js/urlify.js HTTP/1.1" 404 179
[WARNING] 2025-11-15 13:41:43,540 django.server basehttp 21748 29068 - "GET /static/admin/js/prepopulate.js HTTP/1.1" 404 179
[WARNING] 2025-11-15 13:41:43,540 django.server basehttp 21748 29492 - "GET /static/admin/js/vendor/xregexp/xregexp.min.js HTTP/1.1" 404 179
[WARNING] 2025-11-15 13:41:43,541 django.server basehttp 21748 35772 - "GET /static/admin/img/search.svg HTTP/1.1" 404 179
[WARNING] 2025-11-15 13:41:43,545 django.request log 21748 35772 - Not Found: /static/admin/js/theme.js
[WARNING] 2025-11-15 13:41:43,546 django.server basehttp 21748 35772 - "GET /static/admin/js/theme.js HTTP/1.1" 404 179
[WARNING] 2025-11-15 13:41:43,551 django.request log 21748 35772 - Not Found: /static/admin/js/nav_sidebar.js
[WARNING] 2025-11-15 13:41:43,551 django.server basehttp 21748 35772 - "GET /static/admin/js/nav_sidebar.js HTTP/1.1" 404 179
[WARNING] 2025-11-15 13:41:43,555 django.request log 21748 35772 - Not Found: /static/admin/js/filters.js
[WARNING] 2025-11-15 13:41:43,556 django.server basehttp 21748 35772 - "GET /static/admin/js/filters.js HTTP/1.1" 404 179
[INFO] 2025-11-15 13:41:43,589 django.server basehttp 21748 13952 - "GET /admin/jsi18n/ HTTP/1.1" 200 8946
[WARNING] 2025-11-15 13:41:43,597 django.request log 21748 13952 - Not Found: /static/admin/css/responsive.css
[WARNING] 2025-11-15 13:41:43,598 django.server basehttp 21748 13952 - "GET /static/admin/css/responsive.css HTTP/1.1" 404 179
[INFO] 2025-11-15 13:41:59,543 api views 21748 13952 - Listado de productos solicitado
[INFO] 2025-11-15 13:41:59,559 django.server basehttp 21748 13952 - "GET /api/productos/ HTTP/1.1" 200 3234
[INFO] 2025-11-15 13:52:58,702 api views 21748 23240 - Listado de productos solicitado
[INFO] 2025-11-15 13:52:58,707 django.server basehttp 21748 34660 - "GET /api/categorias/ HTTP/1.1" 200 621
[INFO] 2025-11-15 13:52:58,713 django.server basehttp 21748 34660 - "GET /api/categorias/ HTTP/1.1" 200 621
[INFO] 2025-11-15 13:52:58,723 django.server basehttp 21748 23240 - "GET /api/productos/ HTTP/1.1" 200 3234
[INFO] 2025-11-15 13:52:58,725 api views 21748 23240 - Listado de productos solicitado
[INFO] 2025-11-15 13:52:58,737 django.server basehttp 21748 23240 - "GET /api/productos/ HTTP/1.1" 200 3234
[INFO] 2025-11-16 11:36:31,311 django.utils.autoreload autoreload 21748 19080 - C:\Users\erica\Documents\Ansaloni, Erica R\comida_al_paso_project\comida_al_paso\settings.py changed, reloading.
[INFO] 2025-11-16 11:36:33,807 django.utils.autoreload autoreload 5452 36548 - Watching for file changes with StatReloader
[INFO] 2025-11-16 18:40:19,642 django.utils.autoreload autoreload 5452 36548 - C:\Users\erica\Documents\Ansaloni, Erica R\comida_al_paso_project\comida_al_paso\settings.py changed, reloading.
[INFO] 2025-11-16 18:40:22,099 django.utils.autoreload autoreload 16300 24412 - Watching for file changes with StatReloader
[INFO] 2025-11-16 18:42:54,564 django.utils.autoreload autoreload 16300 24412 - C:\Users\erica\Documents\Ansaloni, Erica R\comida_al_paso_project\comida_al_paso\settings.py changed, reloading.
[INFO] 2025-11-16 18:42:55,305 django.utils.autoreload autoreload 14780 28280 - Watching for file changes with StatReloader
[INFO] 2025-11-17 18:57:26,542 django.utils.autoreload autoreload 14780 28280 - C:\Users\erica\Documents\Ansaloni, Erica R\comida_al_paso_project\comida_al_paso\settings.py changed, reloading.
